build/app/intermediates/manifest_merge_blame_file/release/manifest-merger-blame-release-report.txt
1<?xml version="1.0" encoding="utf-8"?>
2<manifest xmlns:android="http://schemas.android.com/apk/res/android"
3    package="com.smartqsys.sq_notification"
4    android:versionCode="5"
5    android:versionName="1.0.2" >
6
7    <uses-sdk
8        android:minSdkVersion="21"
8-->src/main/AndroidManifest.xml
9        android:targetSdkVersion="33" />
9-->src/main/AndroidManifest.xml
10
11    <uses-permission android:name="android.permission.INTERNET" />
11-->src/main/AndroidManifest.xml:2:5-67
11-->src/main/AndroidManifest.xml:2:22-64
12    <uses-permission android:name="android.permission.ACCESS_NETWORK_STATE" />
12-->src/main/AndroidManifest.xml:3:5-79
12-->src/main/AndroidManifest.xml:3:22-76
13    <uses-permission android:name="android.permission.CAMERA" />
13-->src/main/AndroidManifest.xml:6:5-65
13-->src/main/AndroidManifest.xml:6:22-62
14    <uses-permission android:name="android.permission.READ_EXTERNAL_STORAGE" />
14-->src/main/AndroidManifest.xml:7:5-80
14-->src/main/AndroidManifest.xml:7:22-77
15    <uses-permission android:name="android.permission.WAKE_LOCK" /> <!-- Permissions options for the `notification` group -->
15-->[:firebase_messaging] AndroidManifest.xml:10:5-68
15-->[:firebase_messaging] AndroidManifest.xml:10:22-65
16    <uses-permission android:name="android.permission.POST_NOTIFICATIONS" />
16-->[:firebase_messaging] AndroidManifest.xml:13:5-77
16-->[:firebase_messaging] AndroidManifest.xml:13:22-74
17
18    <queries>
18-->[:flutter_inappwebview] AndroidManifest.xml:9:5-13:15
19        <intent>
19-->[:flutter_inappwebview] AndroidManifest.xml:10:9-12:18
20            <action android:name="android.support.customtabs.action.CustomTabsService" />
20-->[:flutter_inappwebview] AndroidManifest.xml:11:13-90
20-->[:flutter_inappwebview] AndroidManifest.xml:11:21-87
21        </intent>
22    </queries>
23
24    <uses-permission android:name="android.permission.VIBRATE" /> <!-- Required by older versions of Google Play services to create IID tokens -->
24-->[:flutter_local_notifications] AndroidManifest.xml:9:5-66
24-->[:flutter_local_notifications] AndroidManifest.xml:9:22-63
25    <uses-permission android:name="com.google.android.c2dm.permission.RECEIVE" />
25-->[com.google.firebase:firebase-iid:21.1.0] AndroidManifest.xml:26:5-82
25-->[com.google.firebase:firebase-iid:21.1.0] AndroidManifest.xml:26:22-79
26
27    <permission
27-->[androidx.core:core:1.10.1] AndroidManifest.xml:22:5-24:47
28        android:name="com.smartqsys.sq_notification.DYNAMIC_RECEIVER_NOT_EXPORTED_PERMISSION"
28-->[androidx.core:core:1.10.1] AndroidManifest.xml:23:9-81
29        android:protectionLevel="signature" />
29-->[androidx.core:core:1.10.1] AndroidManifest.xml:24:9-44
30
31    <uses-permission android:name="com.smartqsys.sq_notification.DYNAMIC_RECEIVER_NOT_EXPORTED_PERMISSION" />
31-->[androidx.core:core:1.10.1] AndroidManifest.xml:26:5-97
31-->[androidx.core:core:1.10.1] AndroidManifest.xml:26:22-94
32
33    <application
34        android:name="android.app.Application"
34-->src/main/AndroidManifest.xml:10:9-42
35        android:appComponentFactory="androidx.core.app.CoreComponentFactory"
35-->[androidx.core:core:1.10.1] AndroidManifest.xml:28:18-86
36        android:icon="@mipmap/ic_launcher"
36-->src/main/AndroidManifest.xml:11:9-43
37        android:label="SmartQ" >
37-->src/main/AndroidManifest.xml:9:9-31
38        <activity
38-->src/main/AndroidManifest.xml:12:9-35:20
39            android:name="com.example.sq_notification.MainActivity"
39-->src/main/AndroidManifest.xml:13:13-41
40            android:configChanges="orientation|keyboardHidden|keyboard|screenSize|smallestScreenSize|locale|layoutDirection|fontScale|screenLayout|density|uiMode"
40-->src/main/AndroidManifest.xml:17:13-163
41            android:exported="true"
41-->src/main/AndroidManifest.xml:14:13-36
42            android:hardwareAccelerated="true"
42-->src/main/AndroidManifest.xml:18:13-47
43            android:launchMode="singleTop"
43-->src/main/AndroidManifest.xml:15:13-43
44            android:theme="@style/LaunchTheme"
44-->src/main/AndroidManifest.xml:16:13-47
45            android:windowSoftInputMode="adjustResize" >
45-->src/main/AndroidManifest.xml:19:13-55
46
47            <!--
48                 Specifies an Android theme to apply to this Activity as soon as
49                 the Android process has started. This theme is visible to the user
50                 while the Flutter UI initializes. After that, this theme continues
51                 to determine the Window background behind the Flutter UI.
52            -->
53            <meta-data
53-->src/main/AndroidManifest.xml:24:13-27:17
54                android:name="io.flutter.embedding.android.NormalTheme"
54-->src/main/AndroidManifest.xml:25:15-70
55                android:resource="@style/NormalTheme" />
55-->src/main/AndroidManifest.xml:26:15-52
56            <meta-data
56-->src/main/AndroidManifest.xml:28:13-30:42
57                android:name="com.google.firebase.messaging.default_notification_channel_id"
57-->src/main/AndroidManifest.xml:29:17-93
58                android:value="default" />
58-->src/main/AndroidManifest.xml:30:17-40
59
60            <intent-filter>
60-->src/main/AndroidManifest.xml:31:13-34:29
61                <action android:name="android.intent.action.MAIN" />
61-->src/main/AndroidManifest.xml:32:17-68
61-->src/main/AndroidManifest.xml:32:25-66
62
63                <category android:name="android.intent.category.LAUNCHER" />
63-->src/main/AndroidManifest.xml:33:17-76
63-->src/main/AndroidManifest.xml:33:27-74
64            </intent-filter>
65        </activity>
66        <!--
67             Don't delete the meta-data below.
68             This is used by the Flutter tool to generate GeneratedPluginRegistrant.java
69        -->
70        <meta-data
70-->src/main/AndroidManifest.xml:38:9-40:33
71            android:name="flutterEmbedding"
71-->src/main/AndroidManifest.xml:39:13-44
72            android:value="2" />
72-->src/main/AndroidManifest.xml:40:13-30
73
74        <service
74-->[:firebase_messaging] AndroidManifest.xml:16:9-19:72
75            android:name="io.flutter.plugins.firebase.messaging.FlutterFirebaseMessagingBackgroundService"
75-->[:firebase_messaging] AndroidManifest.xml:17:13-107
76            android:exported="false"
76-->[:firebase_messaging] AndroidManifest.xml:18:13-37
77            android:permission="android.permission.BIND_JOB_SERVICE" />
77-->[:firebase_messaging] AndroidManifest.xml:19:13-69
78        <service
78-->[:firebase_messaging] AndroidManifest.xml:20:9-26:19
79            android:name="io.flutter.plugins.firebase.messaging.FlutterFirebaseMessagingService"
79-->[:firebase_messaging] AndroidManifest.xml:21:13-97
80            android:exported="false" >
80-->[:firebase_messaging] AndroidManifest.xml:22:13-37
81            <intent-filter>
81-->[:firebase_messaging] AndroidManifest.xml:23:13-25:29
82                <action android:name="com.google.firebase.MESSAGING_EVENT" />
82-->[:firebase_messaging] AndroidManifest.xml:24:17-78
82-->[:firebase_messaging] AndroidManifest.xml:24:25-75
83            </intent-filter>
84        </service>
85
86        <receiver
86-->[:firebase_messaging] AndroidManifest.xml:28:9-35:20
87            android:name="io.flutter.plugins.firebase.messaging.FlutterFirebaseMessagingReceiver"
87-->[:firebase_messaging] AndroidManifest.xml:29:13-98
88            android:exported="true"
88-->[:firebase_messaging] AndroidManifest.xml:30:13-36
89            android:permission="com.google.android.c2dm.permission.SEND" >
89-->[:firebase_messaging] AndroidManifest.xml:31:13-73
90            <intent-filter>
90-->[:firebase_messaging] AndroidManifest.xml:32:13-34:29
91                <action android:name="com.google.android.c2dm.intent.RECEIVE" />
91-->[:firebase_messaging] AndroidManifest.xml:33:17-81
91-->[:firebase_messaging] AndroidManifest.xml:33:25-78
92            </intent-filter>
93        </receiver>
94
95        <service
95-->[:firebase_messaging] AndroidManifest.xml:37:9-41:19
96            android:name="com.google.firebase.components.ComponentDiscoveryService"
96-->[:firebase_messaging] AndroidManifest.xml:37:18-89
97            android:directBootAware="true"
97-->[com.google.firebase:firebase-common:20.4.2] AndroidManifest.xml:32:13-43
98            android:exported="false" >
98-->[com.google.firebase:firebase-iid:21.1.0] AndroidManifest.xml:31:13-37
99            <meta-data
99-->[:firebase_messaging] AndroidManifest.xml:38:13-40:85
100                android:name="com.google.firebase.components:io.flutter.plugins.firebase.messaging.FlutterFirebaseAppRegistrar"
100-->[:firebase_messaging] AndroidManifest.xml:39:17-128
101                android:value="com.google.firebase.components.ComponentRegistrar" />
101-->[:firebase_messaging] AndroidManifest.xml:40:17-82
102            <meta-data
102-->[:firebase_core] AndroidManifest.xml:11:13-13:85
103                android:name="com.google.firebase.components:io.flutter.plugins.firebase.core.FlutterFirebaseCoreRegistrar"
103-->[:firebase_core] AndroidManifest.xml:12:17-124
104                android:value="com.google.firebase.components.ComponentRegistrar" />
104-->[:firebase_core] AndroidManifest.xml:13:17-82
105            <meta-data
105-->[com.google.firebase:firebase-iid:21.1.0] AndroidManifest.xml:32:13-34:85
106                android:name="com.google.firebase.components:com.google.firebase.iid.Registrar"
106-->[com.google.firebase:firebase-iid:21.1.0] AndroidManifest.xml:33:17-96
107                android:value="com.google.firebase.components.ComponentRegistrar" />
107-->[com.google.firebase:firebase-iid:21.1.0] AndroidManifest.xml:34:17-82
108            <meta-data
108-->[com.google.firebase:firebase-messaging:23.4.1] AndroidManifest.xml:57:13-59:85
109                android:name="com.google.firebase.components:com.google.firebase.messaging.FirebaseMessagingKtxRegistrar"
109-->[com.google.firebase:firebase-messaging:23.4.1] AndroidManifest.xml:58:17-122
110                android:value="com.google.firebase.components.ComponentRegistrar" />
110-->[com.google.firebase:firebase-messaging:23.4.1] AndroidManifest.xml:59:17-82
111            <meta-data
111-->[com.google.firebase:firebase-messaging:23.4.1] AndroidManifest.xml:60:13-62:85
112                android:name="com.google.firebase.components:com.google.firebase.messaging.FirebaseMessagingRegistrar"
112-->[com.google.firebase:firebase-messaging:23.4.1] AndroidManifest.xml:61:17-119
113                android:value="com.google.firebase.components.ComponentRegistrar" />
113-->[com.google.firebase:firebase-messaging:23.4.1] AndroidManifest.xml:62:17-82
114            <meta-data
114-->[com.google.firebase:firebase-installations:17.2.0] AndroidManifest.xml:15:13-17:85
115                android:name="com.google.firebase.components:com.google.firebase.installations.FirebaseInstallationsKtxRegistrar"
115-->[com.google.firebase:firebase-installations:17.2.0] AndroidManifest.xml:16:17-130
116                android:value="com.google.firebase.components.ComponentRegistrar" />
116-->[com.google.firebase:firebase-installations:17.2.0] AndroidManifest.xml:17:17-82
117            <meta-data
117-->[com.google.firebase:firebase-installations:17.2.0] AndroidManifest.xml:18:13-20:85
118                android:name="com.google.firebase.components:com.google.firebase.installations.FirebaseInstallationsRegistrar"
118-->[com.google.firebase:firebase-installations:17.2.0] AndroidManifest.xml:19:17-127
119                android:value="com.google.firebase.components.ComponentRegistrar" />
119-->[com.google.firebase:firebase-installations:17.2.0] AndroidManifest.xml:20:17-82
120            <meta-data
120-->[com.google.firebase:firebase-common-ktx:20.4.2] AndroidManifest.xml:12:13-14:85
121                android:name="com.google.firebase.components:com.google.firebase.ktx.FirebaseCommonLegacyRegistrar"
121-->[com.google.firebase:firebase-common-ktx:20.4.2] AndroidManifest.xml:13:17-116
122                android:value="com.google.firebase.components.ComponentRegistrar" />
122-->[com.google.firebase:firebase-common-ktx:20.4.2] AndroidManifest.xml:14:17-82
123            <meta-data
123-->[com.google.firebase:firebase-common:20.4.2] AndroidManifest.xml:35:13-37:85
124                android:name="com.google.firebase.components:com.google.firebase.FirebaseCommonKtxRegistrar"
124-->[com.google.firebase:firebase-common:20.4.2] AndroidManifest.xml:36:17-109
125                android:value="com.google.firebase.components.ComponentRegistrar" />
125-->[com.google.firebase:firebase-common:20.4.2] AndroidManifest.xml:37:17-82
126            <meta-data
126-->[com.google.firebase:firebase-datatransport:18.1.7] AndroidManifest.xml:27:13-29:85
127                android:name="com.google.firebase.components:com.google.firebase.datatransport.TransportRegistrar"
127-->[com.google.firebase:firebase-datatransport:18.1.7] AndroidManifest.xml:28:17-115
128                android:value="com.google.firebase.components.ComponentRegistrar" />
128-->[com.google.firebase:firebase-datatransport:18.1.7] AndroidManifest.xml:29:17-82
129        </service>
130
131        <provider
131-->[:firebase_messaging] AndroidManifest.xml:43:9-47:38
132            android:name="io.flutter.plugins.firebase.messaging.FlutterFirebaseMessagingInitProvider"
132-->[:firebase_messaging] AndroidManifest.xml:44:13-102
133            android:authorities="com.smartqsys.sq_notification.flutterfirebasemessaginginitprovider"
133-->[:firebase_messaging] AndroidManifest.xml:45:13-88
134            android:exported="false"
134-->[:firebase_messaging] AndroidManifest.xml:46:13-37
135            android:initOrder="99" />
135-->[:firebase_messaging] AndroidManifest.xml:47:13-35
136
137        <activity
137-->[:flutter_inappwebview] AndroidManifest.xml:16:9-20:47
138            android:name="com.pichillilorenzo.flutter_inappwebview.in_app_browser.InAppBrowserActivity"
138-->[:flutter_inappwebview] AndroidManifest.xml:17:13-104
139            android:configChanges="orientation|keyboardHidden|keyboard|screenSize|locale|layoutDirection|fontScale|screenLayout|density"
139-->[:flutter_inappwebview] AndroidManifest.xml:18:13-137
140            android:exported="false"
140-->[:flutter_inappwebview] AndroidManifest.xml:19:13-37
141            android:theme="@style/AppTheme" />
141-->[:flutter_inappwebview] AndroidManifest.xml:20:13-44
142        <activity
142-->[:flutter_inappwebview] AndroidManifest.xml:21:9-24:55
143            android:name="com.pichillilorenzo.flutter_inappwebview.chrome_custom_tabs.ChromeCustomTabsActivity"
143-->[:flutter_inappwebview] AndroidManifest.xml:22:13-112
144            android:exported="false"
144-->[:flutter_inappwebview] AndroidManifest.xml:23:13-37
145            android:theme="@style/ThemeTransparent" />
145-->[:flutter_inappwebview] AndroidManifest.xml:24:13-52
146        <activity
146-->[:flutter_inappwebview] AndroidManifest.xml:25:9-28:55
147            android:name="com.pichillilorenzo.flutter_inappwebview.chrome_custom_tabs.TrustedWebActivity"
147-->[:flutter_inappwebview] AndroidManifest.xml:26:13-106
148            android:exported="false"
148-->[:flutter_inappwebview] AndroidManifest.xml:27:13-37
149            android:theme="@style/ThemeTransparent" />
149-->[:flutter_inappwebview] AndroidManifest.xml:28:13-52
150        <activity
150-->[:flutter_inappwebview] AndroidManifest.xml:29:9-33:55
151            android:name="com.pichillilorenzo.flutter_inappwebview.chrome_custom_tabs.ChromeCustomTabsActivitySingleInstance"
151-->[:flutter_inappwebview] AndroidManifest.xml:30:13-126
152            android:exported="false"
152-->[:flutter_inappwebview] AndroidManifest.xml:31:13-37
153            android:launchMode="singleInstance"
153-->[:flutter_inappwebview] AndroidManifest.xml:32:13-48
154            android:theme="@style/ThemeTransparent" />
154-->[:flutter_inappwebview] AndroidManifest.xml:33:13-52
155        <activity
155-->[:flutter_inappwebview] AndroidManifest.xml:34:9-38:55
156            android:name="com.pichillilorenzo.flutter_inappwebview.chrome_custom_tabs.TrustedWebActivitySingleInstance"
156-->[:flutter_inappwebview] AndroidManifest.xml:35:13-120
157            android:exported="false"
157-->[:flutter_inappwebview] AndroidManifest.xml:36:13-37
158            android:launchMode="singleInstance"
158-->[:flutter_inappwebview] AndroidManifest.xml:37:13-48
159            android:theme="@style/ThemeTransparent" />
159-->[:flutter_inappwebview] AndroidManifest.xml:38:13-52
160
161        <receiver
161-->[:flutter_inappwebview] AndroidManifest.xml:40:9-43:40
162            android:name="com.pichillilorenzo.flutter_inappwebview.chrome_custom_tabs.ActionBroadcastReceiver"
162-->[:flutter_inappwebview] AndroidManifest.xml:41:13-111
163            android:enabled="true"
163-->[:flutter_inappwebview] AndroidManifest.xml:42:13-35
164            android:exported="false" />
164-->[:flutter_inappwebview] AndroidManifest.xml:43:13-37
165
166        <meta-data
166-->[:flutter_inappwebview] AndroidManifest.xml:45:9-47:36
167            android:name="io.flutter.embedded_views_preview"
167-->[:flutter_inappwebview] AndroidManifest.xml:46:13-61
168            android:value="true" />
168-->[:flutter_inappwebview] AndroidManifest.xml:47:13-33
169
170        <provider
170-->[:image_picker_android] AndroidManifest.xml:10:9-18:20
171            android:name="io.flutter.plugins.imagepicker.ImagePickerFileProvider"
171-->[:image_picker_android] AndroidManifest.xml:11:13-82
172            android:authorities="com.smartqsys.sq_notification.flutter.image_provider"
172-->[:image_picker_android] AndroidManifest.xml:12:13-74
173            android:exported="false"
173-->[:image_picker_android] AndroidManifest.xml:13:13-37
174            android:grantUriPermissions="true" >
174-->[:image_picker_android] AndroidManifest.xml:14:13-47
175            <meta-data
175-->[:image_picker_android] AndroidManifest.xml:15:13-17:75
176                android:name="android.support.FILE_PROVIDER_PATHS"
176-->[:image_picker_android] AndroidManifest.xml:16:17-67
177                android:resource="@xml/flutter_image_picker_file_paths" />
177-->[:image_picker_android] AndroidManifest.xml:17:17-72
178        </provider>
179
180        <receiver
180-->[com.google.firebase:firebase-messaging:23.4.1] AndroidManifest.xml:29:9-40:20
181            android:name="com.google.firebase.iid.FirebaseInstanceIdReceiver"
181-->[com.google.firebase:firebase-messaging:23.4.1] AndroidManifest.xml:30:13-78
182            android:exported="true"
182-->[com.google.firebase:firebase-messaging:23.4.1] AndroidManifest.xml:31:13-36
183            android:permission="com.google.android.c2dm.permission.SEND" >
183-->[com.google.firebase:firebase-messaging:23.4.1] AndroidManifest.xml:32:13-73
184            <intent-filter>
184-->[:firebase_messaging] AndroidManifest.xml:32:13-34:29
185                <action android:name="com.google.android.c2dm.intent.RECEIVE" />
185-->[:firebase_messaging] AndroidManifest.xml:33:17-81
185-->[:firebase_messaging] AndroidManifest.xml:33:25-78
186            </intent-filter>
187
188            <meta-data
188-->[com.google.firebase:firebase-messaging:23.4.1] AndroidManifest.xml:37:13-39:40
189                android:name="com.google.android.gms.cloudmessaging.FINISHED_AFTER_HANDLED"
189-->[com.google.firebase:firebase-messaging:23.4.1] AndroidManifest.xml:38:17-92
190                android:value="true" />
190-->[com.google.firebase:firebase-messaging:23.4.1] AndroidManifest.xml:39:17-37
191        </receiver>
192        <!--
193             FirebaseMessagingService performs security checks at runtime,
194             but set to not exported to explicitly avoid allowing another app to call it.
195        -->
196        <service
196-->[com.google.firebase:firebase-messaging:23.4.1] AndroidManifest.xml:46:9-53:19
197            android:name="com.google.firebase.messaging.FirebaseMessagingService"
197-->[com.google.firebase:firebase-messaging:23.4.1] AndroidManifest.xml:47:13-82
198            android:directBootAware="true"
198-->[com.google.firebase:firebase-messaging:23.4.1] AndroidManifest.xml:48:13-43
199            android:exported="false" >
199-->[com.google.firebase:firebase-messaging:23.4.1] AndroidManifest.xml:49:13-37
200            <intent-filter android:priority="-500" >
200-->[:firebase_messaging] AndroidManifest.xml:23:13-25:29
201                <action android:name="com.google.firebase.MESSAGING_EVENT" />
201-->[:firebase_messaging] AndroidManifest.xml:24:17-78
201-->[:firebase_messaging] AndroidManifest.xml:24:25-75
202            </intent-filter>
203        </service>
204
205        <provider
205-->[com.google.firebase:firebase-common:20.4.2] AndroidManifest.xml:23:9-28:39
206            android:name="com.google.firebase.provider.FirebaseInitProvider"
206-->[com.google.firebase:firebase-common:20.4.2] AndroidManifest.xml:24:13-77
207            android:authorities="com.smartqsys.sq_notification.firebaseinitprovider"
207-->[com.google.firebase:firebase-common:20.4.2] AndroidManifest.xml:25:13-72
208            android:directBootAware="true"
208-->[com.google.firebase:firebase-common:20.4.2] AndroidManifest.xml:26:13-43
209            android:exported="false"
209-->[com.google.firebase:firebase-common:20.4.2] AndroidManifest.xml:27:13-37
210            android:initOrder="100" />
210-->[com.google.firebase:firebase-common:20.4.2] AndroidManifest.xml:28:13-36
211
212        <activity
212-->[com.google.android.gms:play-services-base:18.0.1] AndroidManifest.xml:20:9-22:45
213            android:name="com.google.android.gms.common.api.GoogleApiActivity"
213-->[com.google.android.gms:play-services-base:18.0.1] AndroidManifest.xml:20:19-85
214            android:exported="false"
214-->[com.google.android.gms:play-services-base:18.0.1] AndroidManifest.xml:22:19-43
215            android:theme="@android:style/Theme.Translucent.NoTitleBar" />
215-->[com.google.android.gms:play-services-base:18.0.1] AndroidManifest.xml:21:19-78
216
217        <provider
217-->[androidx.emoji2:emoji2:1.2.0] AndroidManifest.xml:24:9-32:20
218            android:name="androidx.startup.InitializationProvider"
218-->[androidx.emoji2:emoji2:1.2.0] AndroidManifest.xml:25:13-67
219            android:authorities="com.smartqsys.sq_notification.androidx-startup"
219-->[androidx.emoji2:emoji2:1.2.0] AndroidManifest.xml:26:13-68
220            android:exported="false" >
220-->[androidx.emoji2:emoji2:1.2.0] AndroidManifest.xml:27:13-37
221            <meta-data
221-->[androidx.emoji2:emoji2:1.2.0] AndroidManifest.xml:29:13-31:52
222                android:name="androidx.emoji2.text.EmojiCompatInitializer"
222-->[androidx.emoji2:emoji2:1.2.0] AndroidManifest.xml:30:17-75
223                android:value="androidx.startup" />
223-->[androidx.emoji2:emoji2:1.2.0] AndroidManifest.xml:31:17-49
224            <meta-data
224-->[androidx.lifecycle:lifecycle-process:2.6.1] AndroidManifest.xml:29:13-31:52
225                android:name="androidx.lifecycle.ProcessLifecycleInitializer"
225-->[androidx.lifecycle:lifecycle-process:2.6.1] AndroidManifest.xml:30:17-78
226                android:value="androidx.startup" />
226-->[androidx.lifecycle:lifecycle-process:2.6.1] AndroidManifest.xml:31:17-49
227            <meta-data
227-->[androidx.profileinstaller:profileinstaller:1.3.0] AndroidManifest.xml:29:13-31:52
228                android:name="androidx.profileinstaller.ProfileInstallerInitializer"
228-->[androidx.profileinstaller:profileinstaller:1.3.0] AndroidManifest.xml:30:17-85
229                android:value="androidx.startup" />
229-->[androidx.profileinstaller:profileinstaller:1.3.0] AndroidManifest.xml:31:17-49
230        </provider>
231
232        <uses-library
232-->[androidx.window:window:1.0.0-beta04] AndroidManifest.xml:25:9-27:40
233            android:name="androidx.window.extensions"
233-->[androidx.window:window:1.0.0-beta04] AndroidManifest.xml:26:13-54
234            android:required="false" />
234-->[androidx.window:window:1.0.0-beta04] AndroidManifest.xml:27:13-37
235        <uses-library
235-->[androidx.window:window:1.0.0-beta04] AndroidManifest.xml:28:9-30:40
236            android:name="androidx.window.sidecar"
236-->[androidx.window:window:1.0.0-beta04] AndroidManifest.xml:29:13-51
237            android:required="false" />
237-->[androidx.window:window:1.0.0-beta04] AndroidManifest.xml:30:13-37
238
239        <meta-data
239-->[com.google.android.gms:play-services-basement:18.1.0] AndroidManifest.xml:21:9-23:69
240            android:name="com.google.android.gms.version"
240-->[com.google.android.gms:play-services-basement:18.1.0] AndroidManifest.xml:22:13-58
241            android:value="@integer/google_play_services_version" />
241-->[com.google.android.gms:play-services-basement:18.1.0] AndroidManifest.xml:23:13-66
242
243        <receiver
243-->[androidx.profileinstaller:profileinstaller:1.3.0] AndroidManifest.xml:34:9-52:20
244            android:name="androidx.profileinstaller.ProfileInstallReceiver"
244-->[androidx.profileinstaller:profileinstaller:1.3.0] AndroidManifest.xml:35:13-76
245            android:directBootAware="false"
245-->[androidx.profileinstaller:profileinstaller:1.3.0] AndroidManifest.xml:36:13-44
246            android:enabled="true"
246-->[androidx.profileinstaller:profileinstaller:1.3.0] AndroidManifest.xml:37:13-35
247            android:exported="true"
247-->[androidx.profileinstaller:profileinstaller:1.3.0] AndroidManifest.xml:38:13-36
248            android:permission="android.permission.DUMP" >
248-->[androidx.profileinstaller:profileinstaller:1.3.0] AndroidManifest.xml:39:13-57
249            <intent-filter>
249-->[androidx.profileinstaller:profileinstaller:1.3.0] AndroidManifest.xml:40:13-42:29
250                <action android:name="androidx.profileinstaller.action.INSTALL_PROFILE" />
250-->[androidx.profileinstaller:profileinstaller:1.3.0] AndroidManifest.xml:41:17-91
250-->[androidx.profileinstaller:profileinstaller:1.3.0] AndroidManifest.xml:41:25-88
251            </intent-filter>
252            <intent-filter>
252-->[androidx.profileinstaller:profileinstaller:1.3.0] AndroidManifest.xml:43:13-45:29
253                <action android:name="androidx.profileinstaller.action.SKIP_FILE" />
253-->[androidx.profileinstaller:profileinstaller:1.3.0] AndroidManifest.xml:44:17-85
253-->[androidx.profileinstaller:profileinstaller:1.3.0] AndroidManifest.xml:44:25-82
254            </intent-filter>
255            <intent-filter>
255-->[androidx.profileinstaller:profileinstaller:1.3.0] AndroidManifest.xml:46:13-48:29
256                <action android:name="androidx.profileinstaller.action.SAVE_PROFILE" />
256-->[androidx.profileinstaller:profileinstaller:1.3.0] AndroidManifest.xml:47:17-88
256-->[androidx.profileinstaller:profileinstaller:1.3.0] AndroidManifest.xml:47:25-85
257            </intent-filter>
258            <intent-filter>
258-->[androidx.profileinstaller:profileinstaller:1.3.0] AndroidManifest.xml:49:13-51:29
259                <action android:name="androidx.profileinstaller.action.BENCHMARK_OPERATION" />
259-->[androidx.profileinstaller:profileinstaller:1.3.0] AndroidManifest.xml:50:17-95
259-->[androidx.profileinstaller:profileinstaller:1.3.0] AndroidManifest.xml:50:25-92
260            </intent-filter>
261        </receiver>
262
263        <service
263-->[com.google.android.datatransport:transport-backend-cct:3.1.8] AndroidManifest.xml:28:9-34:19
264            android:name="com.google.android.datatransport.runtime.backends.TransportBackendDiscovery"
264-->[com.google.android.datatransport:transport-backend-cct:3.1.8] AndroidManifest.xml:29:13-103
265            android:exported="false" >
265-->[com.google.android.datatransport:transport-backend-cct:3.1.8] AndroidManifest.xml:30:13-37
266            <meta-data
266-->[com.google.android.datatransport:transport-backend-cct:3.1.8] AndroidManifest.xml:31:13-33:39
267                android:name="backend:com.google.android.datatransport.cct.CctBackendFactory"
267-->[com.google.android.datatransport:transport-backend-cct:3.1.8] AndroidManifest.xml:32:17-94
268                android:value="cct" />
268-->[com.google.android.datatransport:transport-backend-cct:3.1.8] AndroidManifest.xml:33:17-36
269        </service>
270        <service
270-->[com.google.android.datatransport:transport-runtime:3.1.8] AndroidManifest.xml:26:9-30:19
271            android:name="com.google.android.datatransport.runtime.scheduling.jobscheduling.JobInfoSchedulerService"
271-->[com.google.android.datatransport:transport-runtime:3.1.8] AndroidManifest.xml:27:13-117
272            android:exported="false"
272-->[com.google.android.datatransport:transport-runtime:3.1.8] AndroidManifest.xml:28:13-37
273            android:permission="android.permission.BIND_JOB_SERVICE" >
273-->[com.google.android.datatransport:transport-runtime:3.1.8] AndroidManifest.xml:29:13-69
274        </service>
275
276        <receiver
276-->[com.google.android.datatransport:transport-runtime:3.1.8] AndroidManifest.xml:32:9-34:40
277            android:name="com.google.android.datatransport.runtime.scheduling.jobscheduling.AlarmManagerSchedulerBroadcastReceiver"
277-->[com.google.android.datatransport:transport-runtime:3.1.8] AndroidManifest.xml:33:13-132
278            android:exported="false" />
278-->[com.google.android.datatransport:transport-runtime:3.1.8] AndroidManifest.xml:34:13-37
279    </application>
280
281</manifest>